=== LOG INICIADO ===
[2025-11-19 22:20:37.158] INFO - === INICIO DE PANELPEDIDO ===
[2025-11-19 22:20:37.165] DEBUG - Testando obtenerTodosPedidos() directamente...
[2025-11-19 22:20:37.165] DEBUG - obtenerTodosPedidos() iniciando...
[2025-11-19 22:20:38.445] INFO - Tabla de pedidos detectada: pedido
[2025-11-19 22:20:38.445] DEBUG - SQL: SELECT id_pedido, fecha, estado, id_cliente, id_usuario, total FROM pedido ORDER BY id_pedido DESC
[2025-11-19 22:20:38.926] INFO - 4 pedidos cargados desde tabla pedido
[2025-11-19 22:20:39.046] INFO - obtenerTodosPedidos() devolvió: 4 pedidos
[2025-11-19 22:20:39.058] DEBUG -   - Pedido id=7, fecha=2025-11-19, estado=PENDIENTE
[2025-11-19 22:20:39.058] DEBUG -   - Pedido id=6, fecha=2025-11-19, estado=PENDIENTE
[2025-11-19 22:20:39.058] DEBUG -   - Pedido id=4, fecha=2025-11-19, estado=COMPLETADO
[2025-11-19 22:20:39.060] DEBUG -   - Pedido id=3, fecha=2025-11-19, estado=PENDIENTE
[2025-11-19 22:20:39.061] DEBUG - Llamando cargarCombos()...
[2025-11-19 22:20:42.522] DEBUG - Llamando cargarTablaPedidos()...
[2025-11-19 22:20:42.522] DEBUG - cargarTablaPedidos() iniciando...
[2025-11-19 22:20:42.522] DEBUG - obtenerTodosPedidos() iniciando...
[2025-11-19 22:20:43.785] INFO - Tabla de pedidos detectada: pedido
[2025-11-19 22:20:43.785] DEBUG - SQL: SELECT id_pedido, fecha, estado, id_cliente, id_usuario, total FROM pedido ORDER BY id_pedido DESC
[2025-11-19 22:20:43.916] INFO - 4 pedidos cargados desde tabla pedido
[2025-11-19 22:20:44.037] DEBUG - Se obtuvieron 4 pedidos de la base de datos
[2025-11-19 22:20:44.048] DEBUG - Añadiendo pedido: id=7, fecha=2025-11-19, estado=PENDIENTE, total=16.50
[2025-11-19 22:20:44.048] DEBUG - Añadiendo pedido: id=6, fecha=2025-11-19, estado=PENDIENTE, total=18.00
[2025-11-19 22:20:44.048] DEBUG - Añadiendo pedido: id=4, fecha=2025-11-19, estado=COMPLETADO, total=16.50
[2025-11-19 22:20:44.048] DEBUG - Añadiendo pedido: id=3, fecha=2025-11-19, estado=PENDIENTE, total=71.00
[2025-11-19 22:20:44.052] INFO - Tabla de pedidos cargada con 4 filas
[2025-11-19 22:20:44.052] DEBUG - Asignando listeners...
[2025-11-19 22:20:44.056] INFO - === FIN INICIALIZACION PANELPEDIDO ===
